{"C:\\Dev\\arboretum\\src\\app.tsx": {"path":"C:\\Dev\\arboretum\\src\\app.tsx","statementMap":{"0":{"start":{"line":1,"column":0},"end":{"line":1,"column":46}},"1":{"start":{"line":2,"column":0},"end":{"line":2,"column":56}},"2":{"start":{"line":3,"column":0},"end":{"line":3,"column":28}},"3":{"start":{"line":4,"column":0},"end":{"line":4,"column":50}},"4":{"start":{"line":5,"column":0},"end":{"line":5,"column":21}},"5":{"start":{"line":7,"column":12},"end":{"line":15,"column":1}},"6":{"start":{"line":8,"column":4},"end":{"line":14,"column":6}},"7":{"start":{"line":17,"column":18},"end":{"line":17,"column":49}},"8":{"start":{"line":18,"column":13},"end":{"line":18,"column":35}},"9":{"start":{"line":19,"column":0},"end":{"line":19,"column":21}}},"fnMap":{"0":{"name":"(anonymous_3)","decl":{"start":{"line":7,"column":12},"end":{"line":7,"column":null}},"loc":{"start":{"line":7,"column":12},"end":{"line":15,"column":1}}}},"branchMap":{},"s":{"0":0,"1":0,"2":0,"3":0,"4":0,"5":0,"6":0,"7":0,"8":0,"9":0},"f":{"0":0},"b":{}}
,"C:\\Dev\\arboretum\\src\\theme.ts": {"path":"C:\\Dev\\arboretum\\src\\theme.ts","statementMap":{"0":{"start":{"line":1,"column":14},"end":{"line":1,"column":20}},"1":{"start":{"line":2,"column":13},"end":{"line":2,"column":22}},"2":{"start":{"line":3,"column":15},"end":{"line":3,"column":24}},"3":{"start":{"line":4,"column":13},"end":{"line":4,"column":22}},"4":{"start":{"line":5,"column":13},"end":{"line":5,"column":22}},"5":{"start":{"line":6,"column":13},"end":{"line":6,"column":22}},"6":{"start":{"line":7,"column":19},"end":{"line":7,"column":25}},"7":{"start":{"line":8,"column":19},"end":{"line":8,"column":46}},"8":{"start":{"line":9,"column":19},"end":{"line":9,"column":28}},"9":{"start":{"line":10,"column":20},"end":{"line":10,"column":29}},"10":{"start":{"line":12,"column":22},"end":{"line":12,"column":26}},"11":{"start":{"line":13,"column":24},"end":{"line":13,"column":28}},"12":{"start":{"line":14,"column":23},"end":{"line":14,"column":29}},"13":{"start":{"line":15,"column":31},"end":{"line":15,"column":35}},"14":{"start":{"line":16,"column":19},"end":{"line":16,"column":23}},"15":{"start":{"line":18,"column":24},"end":{"line":18,"column":28}},"16":{"start":{"line":19,"column":19},"end":{"line":19,"column":29}},"17":{"start":{"line":20,"column":15},"end":{"line":20,"column":25}},"18":{"start":{"line":22,"column":21},"end":{"line":22,"column":30}},"19":{"start":{"line":23,"column":20},"end":{"line":23,"column":31}},"20":{"start":{"line":24,"column":25},"end":{"line":24,"column":36}},"21":{"start":{"line":25,"column":17},"end":{"line":25,"column":27}},"22":{"start":{"line":27,"column":14},"end":{"line":65,"column":2}},"23":{"start":{"line":67,"column":0},"end":{"line":67,"column":21}}},"fnMap":{},"branchMap":{},"s":{"0":4,"1":4,"2":4,"3":4,"4":4,"5":4,"6":4,"7":4,"8":4,"9":4,"10":4,"11":4,"12":4,"13":4,"14":4,"15":4,"16":4,"17":4,"18":4,"19":4,"20":4,"21":4,"22":4,"23":4},"f":{},"b":{}}
}
